#
# There is insufficient memory for the Java Runtime Environment to continue.
# Native memory allocation (malloc) failed to allocate 729616 bytes for Chunk::new
# Possible reasons:
#   The system is out of physical RAM or swap space
#   In 32 bit mode, the process size limit was hit
# Possible solutions:
#   Reduce memory load on the system
#   Increase physical memory or swap space
#   Check if swap backing store is full
#   Use 64 bit Java on a 64 bit OS
#   Decrease Java heap size (-Xmx/-Xms)
#   Decrease number of Java threads
#   Decrease Java thread stack sizes (-Xss)
#   Set larger code cache with -XX:ReservedCodeCacheSize=
# This output file may be truncated or incomplete.
#
#  Out of Memory Error (allocation.cpp:390), pid=18408, tid=0x00000000000030d0
#
# JRE version: Java(TM) SE Runtime Environment (8.0_181-b13) (build 1.8.0_181-b13)
# Java VM: Java HotSpot(TM) 64-Bit Server VM (25.181-b13 mixed mode windows-amd64 compressed oops)
# Failed to write core dump. Minidumps are not enabled by default on client versions of Windows
#

---------------  T H R E A D  ---------------

Current thread (0x00000000180e5800):  JavaThread "C2 CompilerThread1" daemon [_thread_in_native, id=12496, stack(0x0000000019b10000,0x0000000019c10000)]

Stack: [0x0000000019b10000,0x0000000019c10000]
[error occurred during error reporting (printing stack bounds), id 0xc0000005]

Native frames: (J=compiled Java code, j=interpreted, Vv=VM code, C=native code)


Current CompileTask:
C2: 923176 5995       4       java.io.WinNTFileSystem::normalize (231 bytes)


---------------  P R O C E S S  ---------------

Java Threads: ( => current thread )
  0x000000001b57d000 JavaThread "Abandoned connection cleanup thread" daemon [_thread_blocked, id=10836, stack(0x0000000022ca0000,0x0000000022da0000)]
  0x000000001b57b000 JavaThread "Tomcat JDBC Pool Cleaner[1943105171:1567417001197]" daemon [_thread_blocked, id=14856, stack(0x0000000022960000,0x0000000022a60000)]
  0x000000001b57b800 JavaThread "DestroyJavaVM" [_thread_blocked, id=18344, stack(0x0000000003320000,0x0000000003420000)]
  0x000000001b570800 JavaThread "http-nio-8080-AsyncTimeout" daemon [_thread_blocked, id=12476, stack(0x0000000022760000,0x0000000022860000)]
  0x000000001b574000 JavaThread "http-nio-8080-Acceptor-0" daemon [_thread_in_native, id=7076, stack(0x0000000022660000,0x0000000022760000)]
  0x000000001b577000 JavaThread "http-nio-8080-ClientPoller-1" daemon [_thread_in_native, id=14416, stack(0x0000000022560000,0x0000000022660000)]
  0x000000001b573800 JavaThread "http-nio-8080-ClientPoller-0" daemon [_thread_in_native, id=5040, stack(0x0000000022460000,0x0000000022560000)]
  0x000000001b56f800 JavaThread "http-nio-8080-exec-10" daemon [_thread_blocked, id=12960, stack(0x0000000022360000,0x0000000022460000)]
  0x000000001b576800 JavaThread "http-nio-8080-exec-9" daemon [_thread_blocked, id=4584, stack(0x0000000022260000,0x0000000022360000)]
  0x000000001b572000 JavaThread "http-nio-8080-exec-8" daemon [_thread_blocked, id=16416, stack(0x0000000022160000,0x0000000022260000)]
  0x000000001b571000 JavaThread "http-nio-8080-exec-7" daemon [_thread_blocked, id=15060, stack(0x0000000022060000,0x0000000022160000)]
  0x000000001b575800 JavaThread "http-nio-8080-exec-6" daemon [_thread_blocked, id=18840, stack(0x0000000021f60000,0x0000000022060000)]
  0x000000001b572800 JavaThread "http-nio-8080-exec-5" daemon [_thread_blocked, id=19544, stack(0x0000000021e60000,0x0000000021f60000)]
  0x000000001b575000 JavaThread "http-nio-8080-exec-4" daemon [_thread_blocked, id=13636, stack(0x0000000021d60000,0x0000000021e60000)]
  0x000000001b272800 JavaThread "http-nio-8080-exec-3" daemon [_thread_blocked, id=6064, stack(0x0000000020c30000,0x0000000020d30000)]
  0x000000001b272000 JavaThread "http-nio-8080-exec-2" daemon [_thread_in_native, id=15372, stack(0x0000000020b30000,0x0000000020c30000)]
  0x000000001b26f800 JavaThread "http-nio-8080-exec-1" daemon [_thread_blocked, id=19796, stack(0x0000000020a30000,0x0000000020b30000)]
  0x000000001b26e000 JavaThread "NioBlockingSelector.BlockPoller-1" daemon [_thread_in_native, id=6320, stack(0x0000000020930000,0x0000000020a30000)]
  0x000000001b26e800 JavaThread "container-0" [_thread_blocked, id=2232, stack(0x000000001fe20000,0x000000001ff20000)]
  0x000000001b26c800 JavaThread "ContainerBackgroundProcessor[StandardEngine[Tomcat]]" daemon [_thread_blocked, id=1852, stack(0x000000001fd20000,0x000000001fe20000)]
  0x000000001810e000 JavaThread "Service Thread" daemon [_thread_blocked, id=19952, stack(0x0000000019d10000,0x0000000019e10000)]
  0x00000000180ec000 JavaThread "C1 CompilerThread2" daemon [_thread_blocked, id=17700, stack(0x0000000019c10000,0x0000000019d10000)]
=>0x00000000180e5800 JavaThread "C2 CompilerThread1" daemon [_thread_in_native, id=12496, stack(0x0000000019b10000,0x0000000019c10000)]
  0x00000000180da000 JavaThread "C2 CompilerThread0" daemon [_thread_blocked, id=9468, stack(0x0000000019a10000,0x0000000019b10000)]
  0x0000000019453800 JavaThread "Attach Listener" daemon [_thread_blocked, id=7356, stack(0x0000000019910000,0x0000000019a10000)]
  0x00000000180c6000 JavaThread "Signal Dispatcher" daemon [_thread_blocked, id=10696, stack(0x0000000019810000,0x0000000019910000)]
  0x00000000035ba800 JavaThread "Finalizer" daemon [_thread_blocked, id=19680, stack(0x0000000019310000,0x0000000019410000)]
  0x0000000018079000 JavaThread "Reference Handler" daemon [_thread_blocked, id=14760, stack(0x0000000019210000,0x0000000019310000)]

Other Threads:
  0x0000000018078000 VMThread [stack: 0x0000000019110000,0x0000000019210000] [id=4772]
  0x000000001810e800 WatcherThread [stack: 0x0000000019e10000,0x0000000019f10000] [id=16428]

VM state:not at safepoint (normal execution)

VM Mutex/Monitor currently owned by a thread: None

Heap:
 PSYoungGen      total 154624K, used 21504K [0x00000000d6000000, 0x00000000e0c00000, 0x0000000100000000)
  eden space 140288K, 5% used [0x00000000d6000000,0x00000000d67053f0,0x00000000de900000)
  from space 14336K, 99% used [0x00000000df000000,0x00000000dfdfaff0,0x00000000dfe00000)
  to   space 8192K, 0% used [0x00000000e0400000,0x00000000e0400000,0x00000000e0c00000)
 ParOldGen       total 99840K, used 24115K [0x0000000082000000, 0x0000000088180000, 0x00000000d6000000)
  object space 99840K, 24% used [0x0000000082000000,0x000000008378cc70,0x0000000088180000)
 Metaspace       used 46688K, capacity 47152K, committed 47488K, reserved 1091584K
  class space    used 5548K, capacity 5682K, committed 5760K, reserved 1048576K

Card table byte_map: [0x0000000012980000,0x0000000012d80000] byte_map_base: 0x0000000012570000

Marking Bits: (ParMarkBitMap*) 0x0000000076de2d00
 Begin Bits: [0x0000000013420000, 0x00000000153a0000)
 End Bits:   [0x00000000153a0000, 0x0000000017320000)

Polling page: 0x0000000002f70000

CodeCache: size=245760Kb used=18908Kb max_used=19063Kb free=226851Kb
 bounds [0x00000000035c0000, 0x0000000004880000, 0x00000000125c0000]
 total_blobs=5865 nmethods=5138 adapters=639
 compilation: enabled

Compilation events (10 events):
Event: 922.975 Thread 0x00000000180ec000 6042   !   3       org.apache.catalina.connector.OutputBuffer::realWriteBytes (45 bytes)
Event: 922.976 Thread 0x00000000180ec000 nmethod 6042 0x00000000044f6490 code [0x00000000044f6640, 0x00000000044f6db8]
Event: 923.000 Thread 0x00000000180ec000 6043       3       org.apache.coyote.http11.Http11Processor::checkExpectationAndResponseStatus (50 bytes)
Event: 923.000 Thread 0x00000000180ec000 nmethod 6043 0x000000000486b750 code [0x000000000486b8c0, 0x000000000486bd10]
Event: 923.000 Thread 0x00000000180ec000 6044       3       org.apache.coyote.http11.Http11Processor::statusDropsConnection (62 bytes)
Event: 923.001 Thread 0x00000000180ec000 nmethod 6044 0x0000000003910350 code [0x00000000039104c0, 0x00000000039107f0]
Event: 923.002 Thread 0x00000000180ec000 6045       3       org.apache.coyote.http11.Http11OutputBuffer::doWrite (56 bytes)
Event: 923.002 Thread 0x00000000180ec000 nmethod 6045 0x0000000003822350 code [0x00000000038224e0, 0x00000000038229e8]
Event: 923.003 Thread 0x00000000180ec000 6046  s    3       java.io.FileDescriptor::attach (73 bytes)
Event: 923.004 Thread 0x00000000180ec000 nmethod 6046 0x000000000396e310 code [0x000000000396e520, 0x000000000396f188]

GC Heap History (10 events):
Event: 5.777 GC heap before
{Heap before GC invocations=7 (full 1):
 PSYoungGen      total 70656K, used 70640K [0x00000000d6000000, 0x00000000dd680000, 0x0000000100000000)
  eden space 65536K, 100% used [0x00000000d6000000,0x00000000da000000,0x00000000da000000)
  from space 5120K, 99% used [0x00000000da000000,0x00000000da4fc200,0x00000000da500000)
  to   space 9728K, 0% used [0x00000000dcd00000,0x00000000dcd00000,0x00000000dd680000)
 ParOldGen       total 58368K, used 7682K [0x0000000082000000, 0x0000000085900000, 0x00000000d6000000)
  object space 58368K, 13% used [0x0000000082000000,0x0000000082780bc0,0x0000000085900000)
 Metaspace       used 29229K, capacity 29588K, committed 29824K, reserved 1075200K
  class space    used 3598K, capacity 3701K, committed 3712K, reserved 1048576K
Event: 5.793 GC heap after
Heap after GC invocations=7 (full 1):
 PSYoungGen      total 109568K, used 9712K [0x00000000d6000000, 0x00000000dd880000, 0x0000000100000000)
  eden space 99840K, 0% used [0x00000000d6000000,0x00000000d6000000,0x00000000dc180000)
  from space 9728K, 99% used [0x00000000dcd00000,0x00000000dd67c3b0,0x00000000dd680000)
  to   space 11776K, 0% used [0x00000000dc180000,0x00000000dc180000,0x00000000dcd00000)
 ParOldGen       total 58368K, used 9188K [0x0000000082000000, 0x0000000085900000, 0x00000000d6000000)
  object space 58368K, 15% used [0x0000000082000000,0x00000000828f91b8,0x0000000085900000)
 Metaspace       used 29229K, capacity 29588K, committed 29824K, reserved 1075200K
  class space    used 3598K, capacity 3701K, committed 3712K, reserved 1048576K
}
Event: 6.997 GC heap before
{Heap before GC invocations=8 (full 1):
 PSYoungGen      total 109568K, used 95616K [0x00000000d6000000, 0x00000000dd880000, 0x0000000100000000)
  eden space 99840K, 86% used [0x00000000d6000000,0x00000000db3e3f48,0x00000000dc180000)
  from space 9728K, 99% used [0x00000000dcd00000,0x00000000dd67c3b0,0x00000000dd680000)
  to   space 11776K, 0% used [0x00000000dc180000,0x00000000dc180000,0x00000000dcd00000)
 ParOldGen       total 58368K, used 9188K [0x0000000082000000, 0x0000000085900000, 0x00000000d6000000)
  object space 58368K, 15% used [0x0000000082000000,0x00000000828f91b8,0x0000000085900000)
 Metaspace       used 34937K, capacity 35206K, committed 35456K, reserved 1081344K
  class space    used 4312K, capacity 4376K, committed 4480K, reserved 1048576K
Event: 7.022 GC heap after
Heap after GC invocations=8 (full 1):
 PSYoungGen      total 111616K, used 11775K [0x00000000d6000000, 0x00000000e1300000, 0x0000000100000000)
  eden space 99840K, 0% used [0x00000000d6000000,0x00000000d6000000,0x00000000dc180000)
  from space 11776K, 99% used [0x00000000dc180000,0x00000000dccffe08,0x00000000dcd00000)
  to   space 15360K, 0% used [0x00000000e0400000,0x00000000e0400000,0x00000000e1300000)
 ParOldGen       total 58368K, used 12454K [0x0000000082000000, 0x0000000085900000, 0x00000000d6000000)
  object space 58368K, 21% used [0x0000000082000000,0x0000000082c29b08,0x0000000085900000)
 Metaspace       used 34937K, capacity 35206K, committed 35456K, reserved 1081344K
  class space    used 4312K, capacity 4376K, committed 4480K, reserved 1048576K
}
Event: 7.022 GC heap before
{Heap before GC invocations=9 (full 2):
 PSYoungGen      total 111616K, used 11775K [0x00000000d6000000, 0x00000000e1300000, 0x0000000100000000)
  eden space 99840K, 0% used [0x00000000d6000000,0x00000000d6000000,0x00000000dc180000)
  from space 11776K, 99% used [0x00000000dc180000,0x00000000dccffe08,0x00000000dcd00000)
  to   space 15360K, 0% used [0x00000000e0400000,0x00000000e0400000,0x00000000e1300000)
 ParOldGen       total 58368K, used 12454K [0x0000000082000000, 0x0000000085900000, 0x00000000d6000000)
  object space 58368K, 21% used [0x0000000082000000,0x0000000082c29b08,0x0000000085900000)
 Metaspace       used 34937K, capacity 35206K, committed 35456K, reserved 1081344K
  class space    used 4312K, capacity 4376K, committed 4480K, reserved 1048576K
Event: 7.162 GC heap after
Heap after GC invocations=9 (full 2):
 PSYoungGen      total 111616K, used 0K [0x00000000d6000000, 0x00000000e1300000, 0x0000000100000000)
  eden space 99840K, 0% used [0x00000000d6000000,0x00000000d6000000,0x00000000dc180000)
  from space 11776K, 0% used [0x00000000dc180000,0x00000000dc180000,0x00000000dcd00000)
  to   space 15360K, 0% used [0x00000000e0400000,0x00000000e0400000,0x00000000e1300000)
 ParOldGen       total 99840K, used 20733K [0x0000000082000000, 0x0000000088180000, 0x00000000d6000000)
  object space 99840K, 20% used [0x0000000082000000,0x000000008343f600,0x0000000088180000)
 Metaspace       used 34937K, capacity 35206K, committed 35456K, reserved 1081344K
  class space    used 4312K, capacity 4376K, committed 4480K, reserved 1048576K
}
Event: 8.449 GC heap before
{Heap before GC invocations=10 (full 2):
 PSYoungGen      total 111616K, used 99840K [0x00000000d6000000, 0x00000000e1300000, 0x0000000100000000)
  eden space 99840K, 100% used [0x00000000d6000000,0x00000000dc180000,0x00000000dc180000)
  from space 11776K, 0% used [0x00000000dc180000,0x00000000dc180000,0x00000000dcd00000)
  to   space 15360K, 0% used [0x00000000e0400000,0x00000000e0400000,0x00000000e1300000)
 ParOldGen       total 99840K, used 20733K [0x0000000082000000, 0x0000000088180000, 0x00000000d6000000)
  object space 99840K, 20% used [0x0000000082000000,0x000000008343f600,0x0000000088180000)
 Metaspace       used 38463K, capacity 38892K, committed 39168K, reserved 1083392K
  class space    used 4680K, capacity 4787K, committed 4864K, reserved 1048576K
Event: 8.469 GC heap after
Heap after GC invocations=10 (full 2):
 PSYoungGen      total 148480K, used 7889K [0x00000000d6000000, 0x00000000e0c00000, 0x0000000100000000)
  eden space 140288K, 0% used [0x00000000d6000000,0x00000000d6000000,0x00000000de900000)
  from space 8192K, 96% used [0x00000000e0400000,0x00000000e0bb47e8,0x00000000e0c00000)
  to   space 14336K, 0% used [0x00000000df000000,0x00000000df000000,0x00000000dfe00000)
 ParOldGen       total 99840K, used 20741K [0x0000000082000000, 0x0000000088180000, 0x00000000d6000000)
  object space 99840K, 20% used [0x0000000082000000,0x0000000083441600,0x0000000088180000)
 Metaspace       used 38463K, capacity 38892K, committed 39168K, reserved 1083392K
  class space    used 4680K, capacity 4787K, committed 4864K, reserved 1048576K
}
Event: 922.811 GC heap before
{Heap before GC invocations=11 (full 2):
 PSYoungGen      total 148480K, used 148177K [0x00000000d6000000, 0x00000000e0c00000, 0x0000000100000000)
  eden space 140288K, 100% used [0x00000000d6000000,0x00000000de900000,0x00000000de900000)
  from space 8192K, 96% used [0x00000000e0400000,0x00000000e0bb47e8,0x00000000e0c00000)
  to   space 14336K, 0% used [0x00000000df000000,0x00000000df000000,0x00000000dfe00000)
 ParOldGen       total 99840K, used 20741K [0x0000000082000000, 0x0000000088180000, 0x00000000d6000000)
  object space 99840K, 20% used [0x0000000082000000,0x0000000083441600,0x0000000088180000)
 Metaspace       used 46651K, capacity 47152K, committed 47488K, reserved 1091584K
  class space    used 5547K, capacity 5682K, committed 5760K, reserved 1048576K
Event: 922.835 GC heap after
Heap after GC invocations=11 (full 2):
 PSYoungGen      total 154624K, used 14315K [0x00000000d6000000, 0x00000000e0c00000, 0x0000000100000000)
  eden space 140288K, 0% used [0x00000000d6000000,0x00000000d6000000,0x00000000de900000)
  from space 14336K, 99% used [0x00000000df000000,0x00000000dfdfaff0,0x00000000dfe00000)
  to   space 8192K, 0% used [0x00000000e0400000,0x00000000e0400000,0x00000000e0c00000)
 ParOldGen       total 99840K, used 24115K [0x0000000082000000, 0x0000000088180000, 0x00000000d6000000)
  object space 99840K, 24% used [0x0000000082000000,0x000000008378cc70,0x0000000088180000)
 Metaspace       used 46651K, capacity 47152K, committed 47488K, reserved 1091584K
  class space    used 5547K, capacity 5682K, committed 5760K, reserved 1048576K
}

Deoptimization events (10 events):
Event: 45.682 Thread 0x000000001b272000 Uncommon trap: reason=unstable_if action=reinterpret pc=0x00000000039f8bc4 method=java.util.HashMap.putVal(ILjava/lang/Object;Ljava/lang/Object;ZZ)Ljava/lang/Object; @ 162
Event: 45.682 Thread 0x000000001b272000 Uncommon trap: reason=unstable_if action=reinterpret pc=0x0000000003b661f4 method=java.util.HashMap.resize()[Ljava/util/HashMap$Node; @ 206
Event: 45.686 Thread 0x000000001b272000 Uncommon trap: reason=unstable_if action=reinterpret pc=0x0000000003928768 method=java.util.HashMap.getNode(ILjava/lang/Object;)Ljava/util/HashMap$Node; @ 84
Event: 46.284 Thread 0x000000001b272000 Uncommon trap: reason=unstable_if action=reinterpret pc=0x00000000037fa39c method=java.util.HashMap.getNode(ILjava/lang/Object;)Ljava/util/HashMap$Node; @ 84
Event: 50.824 Thread 0x000000001b572800 Uncommon trap: reason=bimorphic action=maybe_recompile pc=0x0000000003ef0cd8 method=java.util.regex.Pattern$CharProperty$1.isSatisfiedBy(I)Z @ 5
Event: 50.824 Thread 0x000000001b572800 Uncommon trap: reason=bimorphic action=maybe_recompile pc=0x0000000003ef0cd8 method=java.util.regex.Pattern$CharProperty$1.isSatisfiedBy(I)Z @ 5
Event: 50.824 Thread 0x000000001b572800 Uncommon trap: reason=bimorphic action=maybe_recompile pc=0x0000000003ef0cd8 method=java.util.regex.Pattern$CharProperty$1.isSatisfiedBy(I)Z @ 5
Event: 50.824 Thread 0x000000001b572800 Uncommon trap: reason=bimorphic action=maybe_recompile pc=0x0000000003ef0cd8 method=java.util.regex.Pattern$CharProperty$1.isSatisfiedBy(I)Z @ 5
Event: 112.160 Thread 0x000000001b571000 Uncommon trap: reason=unstable_if action=reinterpret pc=0x00000000046be6e4 method=com.microsoft.sqlserver.jdbc.DTV.skipValue(Lcom/microsoft/sqlserver/jdbc/TypeInfo;Lcom/microsoft/sqlserver/jdbc/TDSReader;Z)V @ 5
Event: 112.443 Thread 0x000000001b575800 Uncommon trap: reason=unstable_if action=reinterpret pc=0x00000000046c8e10 method=com.fasterxml.jackson.core.json.UTF8JsonGenerator._writeStringSegment(Ljava/lang/String;II)V @ 46

Classes redefined (0 events):
No events

Internal exceptions (10 events):
Event: 42.994 Thread 0x000000001b272800 Exception <a 'java/io/FileNotFoundException'> (0x00000000da63f698) thrown at [C:\re\workspace\8-2-build-windows-amd64-cygwin\jdk8u181\11358\hotspot\src\share\vm\prims\jni.cpp, line 709]
Event: 112.160 Thread 0x000000001b571000 Implicit null exception at 0x00000000046be194 to 0x00000000046be6b1
Event: 112.394 Thread 0x000000001b571000 Exception <a 'java/io/IOException'> (0x00000000ddbd8c60) thrown at [C:\re\workspace\8-2-build-windows-amd64-cygwin\jdk8u181\11358\hotspot\src\share\vm\prims\jni.cpp, line 709]
Event: 112.398 Thread 0x000000001b571000 Exception <a 'java/io/IOException'> (0x00000000ddbefc38) thrown at [C:\re\workspace\8-2-build-windows-amd64-cygwin\jdk8u181\11358\hotspot\src\share\vm\prims\jni.cpp, line 709]
Event: 112.398 Thread 0x000000001b571000 Exception <a 'java/io/IOException'> (0x00000000ddbf0708) thrown at [C:\re\workspace\8-2-build-windows-amd64-cygwin\jdk8u181\11358\hotspot\src\share\vm\prims\jni.cpp, line 709]
Event: 112.420 Thread 0x000000001b575000 Exception <a 'java/io/IOException'> (0x00000000dd8f5ec0) thrown at [C:\re\workspace\8-2-build-windows-amd64-cygwin\jdk8u181\11358\hotspot\src\share\vm\prims\jni.cpp, line 709]
Event: 112.421 Thread 0x000000001b575000 Exception <a 'java/io/IOException'> (0x00000000dd8f7210) thrown at [C:\re\workspace\8-2-build-windows-amd64-cygwin\jdk8u181\11358\hotspot\src\share\vm\prims\jni.cpp, line 709]
Event: 112.448 Thread 0x000000001b575800 Exception <a 'java/io/IOException'> (0x00000000dde2a468) thrown at [C:\re\workspace\8-2-build-windows-amd64-cygwin\jdk8u181\11358\hotspot\src\share\vm\prims\jni.cpp, line 709]
Event: 112.448 Thread 0x000000001b575800 Exception <a 'java/io/IOException'> (0x00000000dde2b930) thrown at [C:\re\workspace\8-2-build-windows-amd64-cygwin\jdk8u181\11358\hotspot\src\share\vm\prims\jni.cpp, line 709]
Event: 112.449 Thread 0x000000001b575800 Exception <a 'java/io/IOException'> (0x00000000dde2c220) thrown at [C:\re\workspace\8-2-build-windows-amd64-cygwin\jdk8u181\11358\hotspot\src\share\vm\prims\jni.cpp, line 709]

Events (10 events):
Event: 922.867 Thread 0x00000000180ec000 flushing nmethod 0x00000000045d5310
Event: 922.867 Thread 0x00000000180ec000 flushing nmethod 0x00000000045d5650
Event: 922.867 Thread 0x00000000180ec000 flushing nmethod 0x00000000045d6690
Event: 922.867 Thread 0x00000000180ec000 flushing nmethod 0x00000000045d69d0
Event: 922.867 Thread 0x00000000180ec000 flushing nmethod 0x00000000045e4b50
Event: 922.874 Thread 0x00000000180ec000 flushing nmethod 0x0000000004612f50
Event: 922.874 Thread 0x00000000180ec000 flushing nmethod 0x00000000046136d0
Event: 922.874 Thread 0x00000000180ec000 flushing nmethod 0x0000000004639e10
Event: 922.905 Thread 0x000000001b272800 DEOPT PACKING pc=0x0000000003aeac4c sp=0x0000000020d2dff0
Event: 922.905 Thread 0x000000001b272800 DEOPT UNPACKING pc=0x0000000003607890 sp=0x0000000020d2de68 mode 0


Dynamic libraries:
0x00007ff6fde40000 - 0x00007ff6fde77000 	C:\Program Files\Java\jdk1.8.0_181\bin\javaw.exe
0x00007ffa060a0000 - 0x00007ffa06281000 	C:\WINDOWS\SYSTEM32\ntdll.dll
0x00007ffa05300000 - 0x00007ffa053b1000 	C:\WINDOWS\System32\KERNEL32.DLL
0x00007ffa026c0000 - 0x00007ffa02933000 	C:\WINDOWS\System32\KERNELBASE.dll
0x00007ffa03c20000 - 0x00007ffa03cc1000 	C:\WINDOWS\System32\ADVAPI32.dll
0x00007ffa03a50000 - 0x00007ffa03aee000 	C:\WINDOWS\System32\msvcrt.dll
0x00007ffa03af0000 - 0x00007ffa03b4b000 	C:\WINDOWS\System32\sechost.dll
0x00007ffa03530000 - 0x00007ffa03654000 	C:\WINDOWS\System32\RPCRT4.dll
0x00007ffa05880000 - 0x00007ffa05a10000 	C:\WINDOWS\System32\USER32.dll
0x00007ffa03420000 - 0x00007ffa03440000 	C:\WINDOWS\System32\win32u.dll
0x00007ffa036f0000 - 0x00007ffa03718000 	C:\WINDOWS\System32\GDI32.dll
0x00007ffa029c0000 - 0x00007ffa02b51000 	C:\WINDOWS\System32\gdi32full.dll
0x00007ffa03490000 - 0x00007ffa0352f000 	C:\WINDOWS\System32\msvcp_win.dll
0x00007ffa03320000 - 0x00007ffa03418000 	C:\WINDOWS\System32\ucrtbase.dll
0x00007ff9f2da0000 - 0x00007ff9f3009000 	C:\WINDOWS\WinSxS\amd64_microsoft.windows.common-controls_6595b64144ccf1df_6.0.17134.885_none_fb42a3473065565f\COMCTL32.dll
0x00007ffa05a10000 - 0x00007ffa05d32000 	C:\WINDOWS\System32\combase.dll
0x00007ffa02940000 - 0x00007ffa029b9000 	C:\WINDOWS\System32\bcryptPrimitives.dll
0x00007ffa05fe0000 - 0x00007ffa0600d000 	C:\WINDOWS\System32\IMM32.DLL
0x0000000077360000 - 0x0000000077432000 	C:\Program Files\Java\jdk1.8.0_181\jre\bin\msvcr100.dll
0x00000000765c0000 - 0x0000000076e62000 	C:\Program Files\Java\jdk1.8.0_181\jre\bin\server\jvm.dll
0x00007ffa036e0000 - 0x00007ffa036e8000 	C:\WINDOWS\System32\PSAPI.DLL
0x00007ff9ec3e0000 - 0x00007ff9ec3e9000 	C:\WINDOWS\SYSTEM32\WSOCK32.dll
0x00007ffa053c0000 - 0x00007ffa0542c000 	C:\WINDOWS\System32\WS2_32.dll
0x00007ff9ff080000 - 0x00007ff9ff0a3000 	C:\WINDOWS\SYSTEM32\WINMM.dll
0x00007ff9ff050000 - 0x00007ff9ff07a000 	C:\WINDOWS\SYSTEM32\WINMMBASE.dll
0x00007ffa03440000 - 0x00007ffa03489000 	C:\WINDOWS\System32\cfgmgr32.dll
0x00007ff9f3020000 - 0x00007ff9f302a000 	C:\WINDOWS\SYSTEM32\VERSION.dll
0x0000000050040000 - 0x000000005004f000 	C:\Program Files\Java\jdk1.8.0_181\jre\bin\verify.dll
0x0000000050010000 - 0x0000000050039000 	C:\Program Files\Java\jdk1.8.0_181\jre\bin\java.dll
0x0000000077340000 - 0x0000000077356000 	C:\Program Files\Java\jdk1.8.0_181\jre\bin\zip.dll
0x00007ffa03d00000 - 0x00007ffa05140000 	C:\WINDOWS\System32\SHELL32.dll
0x00007ffa05ed0000 - 0x00007ffa05f79000 	C:\WINDOWS\System32\shcore.dll
0x00007ffa02c10000 - 0x00007ffa0331d000 	C:\WINDOWS\System32\windows.storage.dll
0x00007ffa05f80000 - 0x00007ffa05fd1000 	C:\WINDOWS\System32\shlwapi.dll
0x00007ffa02450000 - 0x00007ffa02461000 	C:\WINDOWS\System32\kernel.appcore.dll
0x00007ffa02420000 - 0x00007ffa0243f000 	C:\WINDOWS\System32\profapi.dll
0x00007ffa023d0000 - 0x00007ffa0241c000 	C:\WINDOWS\System32\powrprof.dll
0x00007ffa02440000 - 0x00007ffa0244a000 	C:\WINDOWS\System32\FLTLIB.DLL
0x0000000050000000 - 0x000000005000d000 	C:\Program Files\Java\jdk1.8.0_181\jre\bin\management.dll
0x0000000077320000 - 0x000000007733a000 	C:\Program Files\Java\jdk1.8.0_181\jre\bin\net.dll
0x00007ffa01bc0000 - 0x00007ffa01c26000 	C:\WINDOWS\system32\mswsock.dll
0x00007ff9d74f0000 - 0x00007ff9d7506000 	C:\WINDOWS\system32\napinsp.dll
0x00007ff9d74d0000 - 0x00007ff9d74ea000 	C:\WINDOWS\system32\pnrpnsp.dll
0x00007ff9ff170000 - 0x00007ff9ff189000 	C:\WINDOWS\system32\NLAapi.dll
0x00007ffa019a0000 - 0x00007ffa01a5e000 	C:\WINDOWS\SYSTEM32\DNSAPI.dll
0x00007ffa038a0000 - 0x00007ffa038a8000 	C:\WINDOWS\System32\NSI.dll
0x00007ffa01950000 - 0x00007ffa01988000 	C:\WINDOWS\SYSTEM32\IPHLPAPI.DLL
0x00007ff9d7490000 - 0x00007ff9d749e000 	C:\WINDOWS\System32\winrnr.dll
0x00007ff9f97f0000 - 0x00007ff9f9805000 	C:\WINDOWS\System32\wshbth.dll
0x00007ff9f18f0000 - 0x00007ff9f18fa000 	C:\Windows\System32\rasadhlp.dll
0x00007ff9f4a40000 - 0x00007ff9f4ab2000 	C:\WINDOWS\System32\fwpuclnt.dll
0x00007ffa01ea0000 - 0x00007ffa01ec5000 	C:\WINDOWS\SYSTEM32\bcrypt.dll
0x0000000077300000 - 0x0000000077311000 	C:\Program Files\Java\jdk1.8.0_181\jre\bin\nio.dll
0x00007ffa01d80000 - 0x00007ffa01d97000 	C:\WINDOWS\SYSTEM32\CRYPTSP.dll
0x00007ffa017b0000 - 0x00007ffa017e3000 	C:\WINDOWS\system32\rsaenh.dll
0x00007ffa02240000 - 0x00007ffa02268000 	C:\WINDOWS\SYSTEM32\USERENV.dll
0x00007ffa01d70000 - 0x00007ffa01d7b000 	C:\WINDOWS\SYSTEM32\CRYPTBASE.dll
0x00007ff9f8ec0000 - 0x00007ff9f8ed6000 	C:\WINDOWS\SYSTEM32\dhcpcsvc6.DLL
0x00007ff9f9710000 - 0x00007ff9f972a000 	C:\WINDOWS\SYSTEM32\dhcpcsvc.DLL
0x0000000076f60000 - 0x0000000076f84000 	C:\Program Files\Java\jdk1.8.0_181\jre\bin\sunec.dll
0x00000000765b0000 - 0x00000000765bb000 	C:\Program Files\Java\jdk1.8.0_181\jre\bin\sunmscapi.dll
0x00007ffa024d0000 - 0x00007ffa026b2000 	C:\WINDOWS\System32\CRYPT32.dll
0x00007ffa023b0000 - 0x00007ffa023c2000 	C:\WINDOWS\System32\MSASN1.dll

VM Arguments:
jvm_args: -Dfile.encoding=UTF-8 
java_command: com.boot.WarApplication
java_class_path (initial): D:\shenzhenDev\GoldenStandABS\target\classes;D:\developmentSoftware\apache-maven-3.0.5\repository\org\springframework\boot\spring-boot-starter-web\1.5.9.RELEASE\spring-boot-starter-web-1.5.9.RELEASE.jar;D:\developmentSoftware\apache-maven-3.0.5\repository\org\springframework\boot\spring-boot-starter\1.5.9.RELEASE\spring-boot-starter-1.5.9.RELEASE.jar;D:\developmentSoftware\apache-maven-3.0.5\repository\org\springframework\boot\spring-boot\1.5.9.RELEASE\spring-boot-1.5.9.RELEASE.jar;D:\developmentSoftware\apache-maven-3.0.5\repository\org\springframework\boot\spring-boot-autoconfigure\1.5.9.RELEASE\spring-boot-autoconfigure-1.5.9.RELEASE.jar;D:\developmentSoftware\apache-maven-3.0.5\repository\org\springframework\boot\spring-boot-starter-logging\1.5.9.RELEASE\spring-boot-starter-logging-1.5.9.RELEASE.jar;D:\developmentSoftware\apache-maven-3.0.5\repository\ch\qos\logback\logback-classic\1.1.11\logback-classic-1.1.11.jar;D:\developmentSoftware\apache-maven-3.0.5\repository\ch\qos\logback\logback-core\1.1.11\logback-core-1.1.11.jar;D:\developmentSoftware\apache-maven-3.0.5\repository\org\slf4j\jcl-over-slf4j\1.7.25\jcl-over-slf4j-1.7.25.jar;D:\developmentSoftware\apache-maven-3.0.5\repository\org\slf4j\jul-to-slf4j\1.7.25\jul-to-slf4j-1.7.25.jar;D:\developmentSoftware\apache-maven-3.0.5\repository\org\slf4j\log4j-over-slf4j\1.7.25\log4j-over-slf4j-1.7.25.jar;D:\developmentSoftware\apache-maven-3.0.5\repository\org\yaml\snakeyaml\1.17\snakeyaml-1.17.jar;D:\developmentSoftware\apache-maven-3.0.5\repository\org\hibernate\hibernate-validator\5.3.6.Final\hibernate-validator-5.3.6.Final.jar;D:\developmentSoftware\apache-maven-3.0.5\repository\javax\validation\validation-api\1.1.0.Final\validation-api-1.1.0.Final.jar;D:\developmentSoftware\apache-maven-3.0.5\repository\org\jboss\logging\jboss-logging\3.3.1.Final\jboss-logging-3.3.1.Final.jar;D:\developmentSoftware\apache-maven-3.0.5\repository\com\fasterxml\classmate\1.3.4\classmate-1.3.4.jar;D:\d
Launcher Type: SUN_STANDARD

Environment Variables:
JAVA_HOME=C:\Program Files\Java\jdk1.8.0_181
CLASSPATH=.;C:\Program Files\Java\jdk1.8.0_181\lib\dt.jar;C:\Program Files\Java\jdk1.8.0_181\lib\tools.jar;D:\Program Files (x86)\apache-jmeter-4.0\lib\ext\ApacheJMeter_core.jar;% JMETER_HOME%\lib\jorphan.jar;D:\Program Files (x86)\apache-jmeter-4.0\lib\logkit-1.2.jar;
PATH=C:/Program Files/Java/jre1.8.0_181/bin/server;C:/Program Files/Java/jre1.8.0_181/bin;C:/Program Files/Java/jre1.8.0_181/lib/amd64;C:\Program Files (x86)\NetSarang\Xshell 6\;C:\Program Files (x86)\Common Files\Oracle\Java\javapath;C:\Program Files (x86)\Intel\iCLS Client\;C:\Program Files\Intel\iCLS Client\;C:\WINDOWS\system32;C:\WINDOWS;C:\WINDOWS\System32\Wbem;C:\WINDOWS\System32\WindowsPowerShell\v1.0\;C:\Program Files\SASHome\Secure\ccme4;C:\Program Files\SASHome\x86\Secure\ccme4;C:\WINDOWS\System32\OpenSSH\;C:\Program Files\Intel\WiFi\bin\;C:\Program Files\Common Files\Intel\WirelessCommon\;C:\Program Files (x86)\Intel\Intel(R) Management Engine Components\DAL;C:\Program Files\Intel\Intel(R) Management Engine Components\DAL;C:\Program Files (x86)\Intel\Intel(R) Management Engine Components\IPT;C:\Program Files\Intel\Intel(R) Management Engine Components\IPT;C:\Program Files\Java\jdk1.8.0_181\bin;C:\Program Files\Java\jdk1.8.0_181\jre\bin;D:\developmentSoftware\apache-maven-3.0.5\bin;C:\Program Files\TortoiseSVN\bin;E:\Programs\Python\Python37;E:\Programs\Python\Python27;E:\Programs\Python\Python27\Scripts;C:\Users\DELL\AppData\Local\Google\Chrome\Application\;C:\Users\DELL\AppData\Local\Microsoft\WindowsApps;C:\Users\DELL\Anaconda3\pip-18.0;C:\Users\DELL\Anaconda3\pip-18.0\pip-18.0;C:\Program Files\Java\;C:\Users\DELL\AppData\Local\BypassRuntm;d:\Program Files\JetBrains\PyCharm Community Edition 2019.1.3\bin;;d:\Programs\Git\cmd;D:\eclipse;
USERNAME=DELL
OS=Windows_NT
PROCESSOR_IDENTIFIER=Intel64 Family 6 Model 142 Stepping 9, GenuineIntel



---------------  S Y S T E M  ---------------

OS: Windows 10.0 , 64 bit Build 17134 (10.0.17134.753)

CPU:total 4 (initial active 4) (2 cores per cpu, 2 threads per core) family 6 model 142 stepping 9, cmov, cx8, fxsr, mmx, sse, sse2, sse3, ssse3, sse4.1, sse4.2, popcnt, avx, avx2, aes, clmul, erms, 3dnowpref, lzcnt, ht, tsc, tscinvbit, bmi1, bmi2, adx

Memory: 4k page, physical 8254636k(1043580k free), swap 12909372k(5252k free)

vm_info: Java HotSpot(TM) 64-Bit Server VM (25.181-b13) for windows-amd64 JRE (1.8.0_181-b13), built on Jul  7 2018 04:01:33 by "java_re" with MS VC++ 10.0 (VS2010)

time: Mon Sep 02 17:51:19 2019
elapsed time: 923 seconds (0d 0h 15m 23s)

