#
# There is insufficient memory for the Java Runtime Environment to continue.
# Native memory allocation (malloc) failed to allocate 1050336 bytes for Chunk::new
# Possible reasons:
#   The system is out of physical RAM or swap space
#   In 32 bit mode, the process size limit was hit
# Possible solutions:
#   Reduce memory load on the system
#   Increase physical memory or swap space
#   Check if swap backing store is full
#   Use 64 bit Java on a 64 bit OS
#   Decrease Java heap size (-Xmx/-Xms)
#   Decrease number of Java threads
#   Decrease Java thread stack sizes (-Xss)
#   Set larger code cache with -XX:ReservedCodeCacheSize=
# This output file may be truncated or incomplete.
#
#  Out of Memory Error (allocation.cpp:390), pid=11288, tid=0x0000000000000330
#
# JRE version: Java(TM) SE Runtime Environment (8.0_181-b13) (build 1.8.0_181-b13)
# Java VM: Java HotSpot(TM) 64-Bit Server VM (25.181-b13 mixed mode windows-amd64 compressed oops)
# Failed to write core dump. Minidumps are not enabled by default on client versions of Windows
#

---------------  T H R E A D  ---------------

Current thread (0x000000001843d800):  JavaThread "C2 CompilerThread0" daemon [_thread_in_native, id=816, stack(0x0000000019d40000,0x0000000019e40000)]

Stack: [0x0000000019d40000,0x0000000019e40000]
[error occurred during error reporting (printing stack bounds), id 0xc0000005]

Native frames: (J=compiled Java code, j=interpreted, Vv=VM code, C=native code)


Current CompileTask:
C2:   2796 2017       4       java.net.URLClassLoader$1::run (5 bytes)


---------------  P R O C E S S  ---------------

Java Threads: ( => current thread )
  0x0000000019759000 JavaThread "Service Thread" daemon [_thread_blocked, id=14408, stack(0x000000001a040000,0x000000001a140000)]
  0x0000000019752800 JavaThread "C1 CompilerThread2" daemon [_thread_blocked, id=8248, stack(0x0000000019f40000,0x000000001a040000)]
  0x000000001974d800 JavaThread "C2 CompilerThread1" daemon [_thread_in_native, id=13692, stack(0x0000000019e40000,0x0000000019f40000)]
=>0x000000001843d800 JavaThread "C2 CompilerThread0" daemon [_thread_in_native, id=816, stack(0x0000000019d40000,0x0000000019e40000)]
  0x0000000019748800 JavaThread "Attach Listener" daemon [_thread_blocked, id=9224, stack(0x0000000019c40000,0x0000000019d40000)]
  0x00000000183f1000 JavaThread "Signal Dispatcher" daemon [_thread_blocked, id=14688, stack(0x0000000019b40000,0x0000000019c40000)]
  0x00000000038eb800 JavaThread "Finalizer" daemon [_thread_blocked, id=14128, stack(0x0000000019640000,0x0000000019740000)]
  0x00000000183a9000 JavaThread "Reference Handler" daemon [_thread_blocked, id=10296, stack(0x0000000019540000,0x0000000019640000)]
  0x00000000037f2800 JavaThread "main" [_thread_in_vm, id=4656, stack(0x0000000003650000,0x0000000003750000)]

Other Threads:
  0x00000000183a8000 VMThread [stack: 0x0000000019440000,0x0000000019540000] [id=17628]
  0x000000001975b000 WatcherThread [stack: 0x000000001a140000,0x000000001a240000] [id=8392]

VM state:not at safepoint (normal execution)

VM Mutex/Monitor currently owned by a thread: None

Heap:
 PSYoungGen      total 32256K, used 8672K [0x00000000d6000000, 0x00000000daf00000, 0x0000000100000000)
  eden space 27136K, 21% used [0x00000000d6000000,0x00000000d65a51b8,0x00000000d7a80000)
  from space 5120K, 56% used [0x00000000d8500000,0x00000000d87d31e8,0x00000000d8a00000)
  to   space 10752K, 0% used [0x00000000d7a80000,0x00000000d7a80000,0x00000000d8500000)
 ParOldGen       total 49664K, used 6523K [0x0000000082000000, 0x0000000085080000, 0x00000000d6000000)
  object space 49664K, 13% used [0x0000000082000000,0x000000008265ee30,0x0000000085080000)
 Metaspace       used 23557K, capacity 23856K, committed 24064K, reserved 1073152K
  class space    used 2895K, capacity 2991K, committed 3072K, reserved 1048576K

Card table byte_map: [0x0000000012cb0000,0x00000000130b0000] byte_map_base: 0x00000000128a0000

Marking Bits: (ParMarkBitMap*) 0x000000006d1f2d00
 Begin Bits: [0x0000000013750000, 0x00000000156d0000)
 End Bits:   [0x00000000156d0000, 0x0000000017650000)

Polling page: 0x0000000001450000

CodeCache: size=245760Kb used=7651Kb max_used=7651Kb free=238108Kb
 bounds [0x00000000038f0000, 0x0000000004070000, 0x00000000128f0000]
 total_blobs=2475 nmethods=2102 adapters=285
 compilation: enabled

Compilation events (10 events):
Event: 2.778 Thread 0x0000000019752800 2099       3       org.springframework.core.type.classreading.SimpleMetadataReaderFactory::getMetadataReader (162 bytes)
Event: 2.780 Thread 0x0000000019752800 nmethod 2099 0x0000000004060b90 code [0x0000000004060fa0, 0x00000000040635b8]
Event: 2.782 Thread 0x0000000019752800 2100       3       org.springframework.core.io.ClassPathResource::equals (69 bytes)
Event: 2.782 Thread 0x0000000019752800 nmethod 2100 0x0000000004064990 code [0x0000000004064b40, 0x0000000004065128]
Event: 2.783 Thread 0x0000000019752800 2101       3       java.util.HashMap$Node::setValue (12 bytes)
Event: 2.783 Thread 0x0000000019752800 nmethod 2101 0x0000000004065290 code [0x00000000040653e0, 0x0000000004065550]
Event: 2.783 Thread 0x0000000019752800 2102       1       org.springframework.context.annotation.ConditionEvaluator$ConditionContextImpl::getBeanFactory (5 bytes)
Event: 2.783 Thread 0x0000000019752800 nmethod 2102 0x00000000040655d0 code [0x0000000004065720, 0x0000000004065830]
Event: 2.783 Thread 0x0000000019752800 2103       3       org.springframework.util.StringUtils::hasText (20 bytes)
Event: 2.784 Thread 0x0000000019752800 nmethod 2103 0x0000000004065890 code [0x0000000004065a20, 0x0000000004065e48]

GC Heap History (10 events):
Event: 1.814 GC heap before
{Heap before GC invocations=3 (full 0):
 PSYoungGen      total 37888K, used 37874K [0x00000000d6000000, 0x00000000d8a00000, 0x0000000100000000)
  eden space 32768K, 100% used [0x00000000d6000000,0x00000000d8000000,0x00000000d8000000)
  from space 5120K, 99% used [0x00000000d8500000,0x00000000d89fca88,0x00000000d8a00000)
  to   space 5120K, 0% used [0x00000000d8000000,0x00000000d8000000,0x00000000d8500000)
 ParOldGen       total 86016K, used 16K [0x0000000082000000, 0x0000000087400000, 0x00000000d6000000)
  object space 86016K, 0% used [0x0000000082000000,0x0000000082004088,0x0000000087400000)
 Metaspace       used 16670K, capacity 16856K, committed 17024K, reserved 1067008K
  class space    used 2090K, capacity 2110K, committed 2176K, reserved 1048576K
Event: 1.822 GC heap after
Heap after GC invocations=3 (full 0):
 PSYoungGen      total 37888K, used 5106K [0x00000000d6000000, 0x00000000d8a00000, 0x0000000100000000)
  eden space 32768K, 0% used [0x00000000d6000000,0x00000000d6000000,0x00000000d8000000)
  from space 5120K, 99% used [0x00000000d8000000,0x00000000d84fca50,0x00000000d8500000)
  to   space 5120K, 0% used [0x00000000d8500000,0x00000000d8500000,0x00000000d8a00000)
 ParOldGen       total 86016K, used 3495K [0x0000000082000000, 0x0000000087400000, 0x00000000d6000000)
  object space 86016K, 4% used [0x0000000082000000,0x0000000082369f10,0x0000000087400000)
 Metaspace       used 16670K, capacity 16856K, committed 17024K, reserved 1067008K
  class space    used 2090K, capacity 2110K, committed 2176K, reserved 1048576K
}
Event: 2.283 GC heap before
{Heap before GC invocations=4 (full 0):
 PSYoungGen      total 37888K, used 37874K [0x00000000d6000000, 0x00000000d8a00000, 0x0000000100000000)
  eden space 32768K, 100% used [0x00000000d6000000,0x00000000d8000000,0x00000000d8000000)
  from space 5120K, 99% used [0x00000000d8000000,0x00000000d84fca50,0x00000000d8500000)
  to   space 5120K, 0% used [0x00000000d8500000,0x00000000d8500000,0x00000000d8a00000)
 ParOldGen       total 86016K, used 3501K [0x0000000082000000, 0x0000000087400000, 0x00000000d6000000)
  object space 86016K, 4% used [0x0000000082000000,0x000000008236b6a8,0x0000000087400000)
 Metaspace       used 20975K, capacity 21180K, committed 21296K, reserved 1071104K
  class space    used 2580K, capacity 2612K, committed 2688K, reserved 1048576K
Event: 2.294 GC heap after
Heap after GC invocations=4 (full 0):
 PSYoungGen      total 37888K, used 5114K [0x00000000d6000000, 0x00000000d8a00000, 0x0000000100000000)
  eden space 32768K, 0% used [0x00000000d6000000,0x00000000d6000000,0x00000000d8000000)
  from space 5120K, 99% used [0x00000000d8500000,0x00000000d89fea80,0x00000000d8a00000)
  to   space 5120K, 0% used [0x00000000d8000000,0x00000000d8000000,0x00000000d8500000)
 ParOldGen       total 86016K, used 7237K [0x0000000082000000, 0x0000000087400000, 0x00000000d6000000)
  object space 86016K, 8% used [0x0000000082000000,0x0000000082711778,0x0000000087400000)
 Metaspace       used 20975K, capacity 21180K, committed 21296K, reserved 1071104K
  class space    used 2580K, capacity 2612K, committed 2688K, reserved 1048576K
}
Event: 2.307 GC heap before
{Heap before GC invocations=5 (full 0):
 PSYoungGen      total 37888K, used 6680K [0x00000000d6000000, 0x00000000d8a00000, 0x0000000100000000)
  eden space 32768K, 4% used [0x00000000d6000000,0x00000000d6187850,0x00000000d8000000)
  from space 5120K, 99% used [0x00000000d8500000,0x00000000d89fea80,0x00000000d8a00000)
  to   space 5120K, 0% used [0x00000000d8000000,0x00000000d8000000,0x00000000d8500000)
 ParOldGen       total 86016K, used 7237K [0x0000000082000000, 0x0000000087400000, 0x00000000d6000000)
  object space 86016K, 8% used [0x0000000082000000,0x0000000082711778,0x0000000087400000)
 Metaspace       used 21020K, capacity 21180K, committed 21296K, reserved 1071104K
  class space    used 2584K, capacity 2612K, committed 2688K, reserved 1048576K
Event: 2.313 GC heap after
Heap after GC invocations=5 (full 0):
 PSYoungGen      total 37888K, used 5096K [0x00000000d6000000, 0x00000000d8a00000, 0x0000000100000000)
  eden space 32768K, 0% used [0x00000000d6000000,0x00000000d6000000,0x00000000d8000000)
  from space 5120K, 99% used [0x00000000d8000000,0x00000000d84fa230,0x00000000d8500000)
  to   space 5120K, 0% used [0x00000000d8500000,0x00000000d8500000,0x00000000d8a00000)
 ParOldGen       total 86016K, used 7401K [0x0000000082000000, 0x0000000087400000, 0x00000000d6000000)
  object space 86016K, 8% used [0x0000000082000000,0x000000008273a620,0x0000000087400000)
 Metaspace       used 21020K, capacity 21180K, committed 21296K, reserved 1071104K
  class space    used 2584K, capacity 2612K, committed 2688K, reserved 1048576K
}
Event: 2.313 GC heap before
{Heap before GC invocations=6 (full 1):
 PSYoungGen      total 37888K, used 5096K [0x00000000d6000000, 0x00000000d8a00000, 0x0000000100000000)
  eden space 32768K, 0% used [0x00000000d6000000,0x00000000d6000000,0x00000000d8000000)
  from space 5120K, 99% used [0x00000000d8000000,0x00000000d84fa230,0x00000000d8500000)
  to   space 5120K, 0% used [0x00000000d8500000,0x00000000d8500000,0x00000000d8a00000)
 ParOldGen       total 86016K, used 7401K [0x0000000082000000, 0x0000000087400000, 0x00000000d6000000)
  object space 86016K, 8% used [0x0000000082000000,0x000000008273a620,0x0000000087400000)
 Metaspace       used 21020K, capacity 21180K, committed 21296K, reserved 1071104K
  class space    used 2584K, capacity 2612K, committed 2688K, reserved 1048576K
Event: 2.351 GC heap after
Heap after GC invocations=6 (full 1):
 PSYoungGen      total 37888K, used 0K [0x00000000d6000000, 0x00000000d8a00000, 0x0000000100000000)
  eden space 32768K, 0% used [0x00000000d6000000,0x00000000d6000000,0x00000000d8000000)
  from space 5120K, 0% used [0x00000000d8000000,0x00000000d8000000,0x00000000d8500000)
  to   space 5120K, 0% used [0x00000000d8500000,0x00000000d8500000,0x00000000d8a00000)
 ParOldGen       total 49664K, used 6515K [0x0000000082000000, 0x0000000085080000, 0x00000000d6000000)
  object space 49664K, 13% used [0x0000000082000000,0x000000008265ce30,0x0000000085080000)
 Metaspace       used 21020K, capacity 21180K, committed 21296K, reserved 1071104K
  class space    used 2584K, capacity 2612K, committed 2688K, reserved 1048576K
}
Event: 2.733 GC heap before
{Heap before GC invocations=7 (full 1):
 PSYoungGen      total 37888K, used 32768K [0x00000000d6000000, 0x00000000d8a00000, 0x0000000100000000)
  eden space 32768K, 100% used [0x00000000d6000000,0x00000000d8000000,0x00000000d8000000)
  from space 5120K, 0% used [0x00000000d8000000,0x00000000d8000000,0x00000000d8500000)
  to   space 5120K, 0% used [0x00000000d8500000,0x00000000d8500000,0x00000000d8a00000)
 ParOldGen       total 49664K, used 6515K [0x0000000082000000, 0x0000000085080000, 0x00000000d6000000)
  object space 49664K, 13% used [0x0000000082000000,0x000000008265ce30,0x0000000085080000)
 Metaspace       used 23450K, capacity 23754K, committed 24064K, reserved 1073152K
  class space    used 2881K, capacity 2958K, committed 3072K, reserved 1048576K
Event: 2.738 GC heap after
Heap after GC invocations=7 (full 1):
 PSYoungGen      total 32256K, used 2892K [0x00000000d6000000, 0x00000000daf00000, 0x0000000100000000)
  eden space 27136K, 0% used [0x00000000d6000000,0x00000000d6000000,0x00000000d7a80000)
  from space 5120K, 56% used [0x00000000d8500000,0x00000000d87d31e8,0x00000000d8a00000)
  to   space 10752K, 0% used [0x00000000d7a80000,0x00000000d7a80000,0x00000000d8500000)
 ParOldGen       total 49664K, used 6523K [0x0000000082000000, 0x0000000085080000, 0x00000000d6000000)
  object space 49664K, 13% used [0x0000000082000000,0x000000008265ee30,0x0000000085080000)
 Metaspace       used 23450K, capacity 23754K, committed 24064K, reserved 1073152K
  class space    used 2881K, capacity 2958K, committed 3072K, reserved 1048576K
}

Deoptimization events (10 events):
Event: 1.866 Thread 0x000000001ae91800 Uncommon trap: reason=unstable_if action=reinterpret pc=0x0000000003c6de40 method=java.util.Properties$LineReader.readLine()I @ 200
Event: 1.954 Thread 0x000000001ae91800 Uncommon trap: reason=unstable_if action=reinterpret pc=0x0000000003d9195c method=com.sun.org.apache.xerces.internal.impl.XMLEntityScanner.scanLiteral(ILcom/sun/org/apache/xerces/internal/xni/XMLString;Z)I @ 570
Event: 2.031 Thread 0x000000001ae91800 Uncommon trap: reason=unstable_if action=reinterpret pc=0x0000000003dbe55c method=com.sun.org.apache.xerces.internal.impl.XMLEntityScanner.skipSpaces()Z @ 125
Event: 2.094 Thread 0x000000001ae91800 Uncommon trap: reason=unstable_if action=reinterpret pc=0x0000000003e41818 method=com.sun.org.apache.xerces.internal.util.SymbolTable.addSymbol([CII)Ljava/lang/String; @ 38
Event: 2.094 Thread 0x000000001ae91800 Uncommon trap: reason=unstable_if action=reinterpret pc=0x0000000003e25250 method=com.sun.org.apache.xerces.internal.impl.XMLEntityScanner.scanLiteral(ILcom/sun/org/apache/xerces/internal/xni/XMLString;Z)I @ 44
Event: 2.096 Thread 0x000000001ae91800 Uncommon trap: reason=unstable_if action=reinterpret pc=0x0000000003e08048 method=com.sun.org.apache.xerces.internal.util.SymbolTable.addSymbol([CII)Ljava/lang/String; @ 38
Event: 2.262 Thread 0x000000001ae91800 Uncommon trap: reason=class_check action=maybe_recompile pc=0x0000000003ca2c9c method=java.util.regex.Matcher.search(I)Z @ 86
Event: 2.262 Thread 0x000000001ae91800 Uncommon trap: reason=unstable_if action=reinterpret pc=0x0000000003c7945c method=java.util.regex.Pattern$BmpCharProperty.match(Ljava/util/regex/Matcher;ILjava/lang/CharSequence;)Z @ 5
Event: 2.635 Thread 0x00000000037f2800 Uncommon trap: reason=bimorphic action=maybe_recompile pc=0x0000000003bbd6b4 method=java.util.HashMap.putVal(ILjava/lang/Object;Ljava/lang/Object;ZZ)Ljava/lang/Object; @ 203
Event: 2.666 Thread 0x00000000037f2800 Uncommon trap: reason=bimorphic action=maybe_recompile pc=0x0000000003bbd6b4 method=java.util.HashMap.putVal(ILjava/lang/Object;Ljava/lang/Object;ZZ)Ljava/lang/Object; @ 203

Classes redefined (0 events):
No events

Internal exceptions (10 events):
Event: 1.956 Thread 0x00000000037f2800 Exception <a 'java/lang/ClassNotFoundException': org/springframework/beans/factory/groovy/GroovyBeanDefinitionReaderCustomizer> (0x00000000d706d930) thrown at [C:\re\workspace\8-2-build-windows-amd64-cygwin\jdk8u181\11358\hotspot\src\share\vm\classfile\sy
Event: 2.125 Thread 0x00000000037f2800 Exception <a 'java/lang/ClassNotFoundException': org/springframework/context/annotation/ConfigurationClassPostProcessorBeanInfo> (0x00000000d778de88) thrown at [C:\re\workspace\8-2-build-windows-amd64-cygwin\jdk8u181\11358\hotspot\src\share\vm\classfile\s
Event: 2.126 Thread 0x00000000037f2800 Exception <a 'java/lang/ClassNotFoundException': org/springframework/context/annotation/ConfigurationClassPostProcessorCustomizer> (0x00000000d77a7b00) thrown at [C:\re\workspace\8-2-build-windows-amd64-cygwin\jdk8u181\11358\hotspot\src\share\vm\classfile
Event: 2.128 Thread 0x00000000037f2800 Exception <a 'java/lang/ClassNotFoundException': org/springframework/beans/factory/support/BeanDefinitionRegistryPostProcessorCustomizer> (0x00000000d77d5c08) thrown at [C:\re\workspace\8-2-build-windows-amd64-cygwin\jdk8u181\11358\hotspot\src\share\vm\cl
Event: 2.129 Thread 0x00000000037f2800 Exception <a 'java/lang/ClassNotFoundException': org/springframework/core/PriorityOrderedCustomizer> (0x00000000d77e9748) thrown at [C:\re\workspace\8-2-build-windows-amd64-cygwin\jdk8u181\11358\hotspot\src\share\vm\classfile\systemDictionary.cpp, line 21
Event: 2.129 Thread 0x00000000037f2800 Exception <a 'java/lang/ClassNotFoundException': org/springframework/context/ResourceLoaderAwareCustomizer> (0x00000000d77fdf00) thrown at [C:\re\workspace\8-2-build-windows-amd64-cygwin\jdk8u181\11358\hotspot\src\share\vm\classfile\systemDictionary.cpp, 
Event: 2.130 Thread 0x00000000037f2800 Exception <a 'java/lang/ClassNotFoundException': org/springframework/beans/factory/BeanClassLoaderAwareCustomizer> (0x00000000d7815598) thrown at [C:\re\workspace\8-2-build-windows-amd64-cygwin\jdk8u181\11358\hotspot\src\share\vm\classfile\systemDictionar
Event: 2.130 Thread 0x00000000037f2800 Exception <a 'java/lang/ClassNotFoundException': org/springframework/context/EnvironmentAwareCustomizer> (0x00000000d782a5a8) thrown at [C:\re\workspace\8-2-build-windows-amd64-cygwin\jdk8u181\11358\hotspot\src\share\vm\classfile\systemDictionary.cpp, lin
Event: 2.572 Thread 0x000000001ae91800 Exception <a 'java/lang/NoSuchFieldError': method resolution failed> (0x00000000d70c8058) thrown at [C:\re\workspace\8-2-build-windows-amd64-cygwin\jdk8u181\11358\hotspot\src\share\vm\prims\methodHandles.cpp, line 1167]
Event: 2.574 Thread 0x000000001ae91800 Exception <a 'java/lang/NoSuchFieldError': method resolution failed> (0x00000000d724cb70) thrown at [C:\re\workspace\8-2-build-windows-amd64-cygwin\jdk8u181\11358\hotspot\src\share\vm\prims\methodHandles.cpp, line 1167]

Events (10 events):
Event: 2.766 loading class com/zaxxer/hikari/HikariDataSource
Event: 2.766 loading class com/zaxxer/hikari/HikariDataSource done
Event: 2.769 loading class org/apache/ibatis/session/SqlSessionFactory
Event: 2.769 loading class org/apache/ibatis/session/SqlSessionFactory done
Event: 2.770 loading class org/mybatis/spring/SqlSessionFactoryBean
Event: 2.770 loading class org/mybatis/spring/SqlSessionFactoryBean done
Event: 2.776 loading class org/mybatis/spring/boot/autoconfigure/MybatisAutoConfiguration$AutoConfiguredMapperScannerRegistrar
Event: 2.776 loading class org/mybatis/spring/boot/autoconfigure/MybatisAutoConfiguration$AutoConfiguredMapperScannerRegistrar done
Event: 2.780 loading class org/mybatis/spring/boot/autoconfigure/MybatisProperties
Event: 2.781 loading class org/mybatis/spring/boot/autoconfigure/MybatisProperties done


Dynamic libraries:
0x00007ff6e9140000 - 0x00007ff6e9177000 	C:\Program Files\Java\jdk1.8.0_181\jre\bin\java.exe
0x00007ff863590000 - 0x00007ff863771000 	C:\WINDOWS\SYSTEM32\ntdll.dll
0x00007ff861570000 - 0x00007ff861621000 	C:\WINDOWS\System32\KERNEL32.DLL
0x00007ff85fea0000 - 0x00007ff860113000 	C:\WINDOWS\System32\KERNELBASE.dll
0x00007ff8611d0000 - 0x00007ff861271000 	C:\WINDOWS\System32\ADVAPI32.dll
0x00007ff860a20000 - 0x00007ff860abe000 	C:\WINDOWS\System32\msvcrt.dll
0x00007ff862ab0000 - 0x00007ff862b0b000 	C:\WINDOWS\System32\sechost.dll
0x00007ff863010000 - 0x00007ff863134000 	C:\WINDOWS\System32\RPCRT4.dll
0x00007ff861280000 - 0x00007ff861410000 	C:\WINDOWS\System32\USER32.dll
0x00007ff860830000 - 0x00007ff860850000 	C:\WINDOWS\System32\win32u.dll
0x00007ff861540000 - 0x00007ff861568000 	C:\WINDOWS\System32\GDI32.dll
0x00007ff85fd00000 - 0x00007ff85fe91000 	C:\WINDOWS\System32\gdi32full.dll
0x00007ff860980000 - 0x00007ff860a1f000 	C:\WINDOWS\System32\msvcp_win.dll
0x00007ff85fc00000 - 0x00007ff85fcf8000 	C:\WINDOWS\System32\ucrtbase.dll
0x00007ff84f840000 - 0x00007ff84faa9000 	C:\WINDOWS\WinSxS\amd64_microsoft.windows.common-controls_6595b64144ccf1df_6.0.17134.885_none_fb42a3473065565f\COMCTL32.dll
0x00007ff863140000 - 0x00007ff863462000 	C:\WINDOWS\System32\combase.dll
0x00007ff860850000 - 0x00007ff8608c9000 	C:\WINDOWS\System32\bcryptPrimitives.dll
0x00007ff861640000 - 0x00007ff86166d000 	C:\WINDOWS\System32\IMM32.DLL
0x000000006d280000 - 0x000000006d352000 	C:\Program Files\Java\jdk1.8.0_181\jre\bin\msvcr100.dll
0x000000006c9d0000 - 0x000000006d272000 	C:\Program Files\Java\jdk1.8.0_181\jre\bin\server\jvm.dll
0x00007ff860dc0000 - 0x00007ff860dc8000 	C:\WINDOWS\System32\PSAPI.DLL
0x00007ff848ff0000 - 0x00007ff848ff9000 	C:\WINDOWS\SYSTEM32\WSOCK32.dll
0x00007ff84fab0000 - 0x00007ff84faba000 	C:\WINDOWS\SYSTEM32\VERSION.dll
0x00007ff85c6d0000 - 0x00007ff85c6f3000 	C:\WINDOWS\SYSTEM32\WINMM.dll
0x00007ff861470000 - 0x00007ff8614dc000 	C:\WINDOWS\System32\WS2_32.dll
0x00007ff85c6a0000 - 0x00007ff85c6ca000 	C:\WINDOWS\SYSTEM32\WINMMBASE.dll
0x00007ff85f960000 - 0x00007ff85f9a9000 	C:\WINDOWS\System32\cfgmgr32.dll
0x000000006c9c0000 - 0x000000006c9cf000 	C:\Program Files\Java\jdk1.8.0_181\jre\bin\verify.dll
0x000000006c990000 - 0x000000006c9b9000 	C:\Program Files\Java\jdk1.8.0_181\jre\bin\java.dll
0x000000006c920000 - 0x000000006c936000 	C:\Program Files\Java\jdk1.8.0_181\jre\bin\zip.dll
0x00007ff861670000 - 0x00007ff862ab0000 	C:\WINDOWS\System32\SHELL32.dll
0x00007ff862f60000 - 0x00007ff863009000 	C:\WINDOWS\System32\shcore.dll
0x00007ff860120000 - 0x00007ff86082d000 	C:\WINDOWS\System32\windows.storage.dll
0x00007ff861410000 - 0x00007ff861461000 	C:\WINDOWS\System32\shlwapi.dll
0x00007ff85f910000 - 0x00007ff85f921000 	C:\WINDOWS\System32\kernel.appcore.dll
0x00007ff85f940000 - 0x00007ff85f95f000 	C:\WINDOWS\System32\profapi.dll
0x00007ff85f8c0000 - 0x00007ff85f90c000 	C:\WINDOWS\System32\powrprof.dll
0x00007ff85f930000 - 0x00007ff85f93a000 	C:\WINDOWS\System32\FLTLIB.DLL
0x000000006c900000 - 0x000000006c90d000 	C:\Program Files\Java\jdk1.8.0_181\jre\bin\management.dll
0x000000006c8e0000 - 0x000000006c8fa000 	C:\Program Files\Java\jdk1.8.0_181\jre\bin\net.dll
0x00007ff85f0b0000 - 0x00007ff85f116000 	C:\WINDOWS\system32\mswsock.dll
0x00007ff834520000 - 0x00007ff834536000 	C:\WINDOWS\system32\napinsp.dll
0x00007ff834420000 - 0x00007ff83443a000 	C:\WINDOWS\system32\pnrpnsp.dll
0x00007ff85c360000 - 0x00007ff85c379000 	C:\WINDOWS\system32\NLAapi.dll
0x00007ff85ee90000 - 0x00007ff85ef4e000 	C:\WINDOWS\SYSTEM32\DNSAPI.dll
0x00007ff860ac0000 - 0x00007ff860ac8000 	C:\WINDOWS\System32\NSI.dll
0x00007ff85ee40000 - 0x00007ff85ee78000 	C:\WINDOWS\SYSTEM32\IPHLPAPI.DLL
0x00007ff834fb0000 - 0x00007ff834fbe000 	C:\WINDOWS\System32\winrnr.dll
0x00007ff857450000 - 0x00007ff857465000 	C:\WINDOWS\System32\wshbth.dll
0x00007ff84fb30000 - 0x00007ff84fb3a000 	C:\Windows\System32\rasadhlp.dll
0x00007ff851d10000 - 0x00007ff851d82000 	C:\WINDOWS\System32\fwpuclnt.dll
0x00007ff85f390000 - 0x00007ff85f3b5000 	C:\WINDOWS\SYSTEM32\bcrypt.dll
0x000000006c8c0000 - 0x000000006c8d1000 	C:\Program Files\Java\jdk1.8.0_181\jre\bin\nio.dll

VM Arguments:
java_command: D:\shenzhenDev\spring-boot-samples-master\target\surefire\surefirebooter1945732902311180687.jar D:\shenzhenDev\spring-boot-samples-master\target\surefire\surefire3712666487335678625tmp D:\shenzhenDev\spring-boot-samples-master\target\surefire\surefire_03360274942213241735tmp
java_class_path (initial): D:\shenzhenDev\spring-boot-samples-master\target\surefire\surefirebooter1945732902311180687.jar
Launcher Type: SUN_STANDARD

Environment Variables:
JAVA_HOME=C:\Program Files\Java\jdk1.8.0_181
CLASSPATH=.;C:\Program Files\Java\jdk1.8.0_181\lib\dt.jar;C:\Program Files\Java\jdk1.8.0_181\lib\tools.jar;D:\Program Files (x86)\apache-jmeter-4.0\lib\ext\ApacheJMeter_core.jar;% JMETER_HOME%\lib\jorphan.jar;D:\Program Files (x86)\apache-jmeter-4.0\lib\logkit-1.2.jar;
PATH=C:/Program Files/Java/jre1.8.0_181/bin/server;C:/Program Files/Java/jre1.8.0_181/bin;C:/Program Files/Java/jre1.8.0_181/lib/amd64;C:\Program Files (x86)\NetSarang\Xshell 6\;C:\Program Files (x86)\Common Files\Oracle\Java\javapath;C:\Program Files (x86)\Intel\iCLS Client\;C:\Program Files\Intel\iCLS Client\;C:\WINDOWS\system32;C:\WINDOWS;C:\WINDOWS\System32\Wbem;C:\WINDOWS\System32\WindowsPowerShell\v1.0\;C:\Program Files\SASHome\Secure\ccme4;C:\Program Files\SASHome\x86\Secure\ccme4;C:\WINDOWS\System32\OpenSSH\;C:\Program Files\Intel\WiFi\bin\;C:\Program Files\Common Files\Intel\WirelessCommon\;C:\Program Files (x86)\Intel\Intel(R) Management Engine Components\DAL;C:\Program Files\Intel\Intel(R) Management Engine Components\DAL;C:\Program Files (x86)\Intel\Intel(R) Management Engine Components\IPT;C:\Program Files\Intel\Intel(R) Management Engine Components\IPT;C:\Program Files\Java\jdk1.8.0_181\bin;C:\Program Files\Java\jdk1.8.0_181\jre\bin;D:\developmentSoftware\apache-maven-3.0.5\bin;C:\Program Files\TortoiseSVN\bin;E:\Programs\Python\Python37;E:\Programs\Python\Python27;E:\Programs\Python\Python27\Scripts;C:\Users\DELL\AppData\Local\Google\Chrome\Application\;C:\Users\DELL\AppData\Local\Microsoft\WindowsApps;C:\Users\DELL\Anaconda3\pip-18.0;C:\Users\DELL\Anaconda3\pip-18.0\pip-18.0;C:\Program Files\Java\;C:\Users\DELL\AppData\Local\BypassRuntm;d:\Program Files\JetBrains\PyCharm Community Edition 2019.1.3\bin;;d:\Programs\Git\cmd;D:\eclipse;
USERNAME=DELL
OS=Windows_NT
PROCESSOR_IDENTIFIER=Intel64 Family 6 Model 142 Stepping 9, GenuineIntel



---------------  S Y S T E M  ---------------

OS: Windows 10.0 , 64 bit Build 17134 (10.0.17134.753)

CPU:total 4 (initial active 4) (2 cores per cpu, 2 threads per core) family 6 model 142 stepping 9, cmov, cx8, fxsr, mmx, sse, sse2, sse3, ssse3, sse4.1, sse4.2, popcnt, avx, avx2, aes, clmul, erms, 3dnowpref, lzcnt, ht, tsc, tscinvbit, bmi1, bmi2, adx

Memory: 4k page, physical 8254636k(1056208k free), swap 11511480k(5772k free)

vm_info: Java HotSpot(TM) 64-Bit Server VM (25.181-b13) for windows-amd64 JRE (1.8.0_181-b13), built on Jul  7 2018 04:01:33 by "java_re" with MS VC++ 10.0 (VS2010)

time: Wed Aug 28 18:34:25 2019
elapsed time: 2 seconds (0d 0h 0m 2s)

